#
# There is insufficient memory for the Java Runtime Environment to continue.
# Native memory allocation (mmap) failed to map 268435456 bytes for Failed to commit area from 0x0000000701600000 to 0x0000000711600000 of length 268435456.
# Possible reasons:
#   The system is out of physical RAM or swap space
#   The process is running with CompressedOops enabled, and the Java Heap may be blocking the growth of the native heap
# Possible solutions:
#   Reduce memory load on the system
#   Increase physical memory or swap space
#   Check if swap backing store is full
#   Decrease Java heap size (-Xmx/-Xms)
#   Decrease number of Java threads
#   Decrease Java thread stack sizes (-Xss)
#   Set larger code cache with -XX:ReservedCodeCacheSize=
# This output file may be truncated or incomplete.
#
#  Out of Memory Error (c:/BuildAgent/work/5ff2f6c26000d570/src/hotspot/os/windows/os_windows.cpp:3296), pid=28768, tid=34136
#
# JRE version:  (11.0.6+8) (build )
# Java VM: OpenJDK 64-Bit Server VM (11.0.6+8-b520.66, mixed mode, sharing, tiered, compressed oops, g1 gc, windows-amd64)
# No core dump will be written. Minidumps are not enabled by default on client versions of Windows
#

---------------  S U M M A R Y ------------

Command Line: -XX:TieredStopAtLevel=1 -Xverify:none -Dspring.output.ansi.enabled=always -Dcom.sun.management.jmxremote -Dspring.jmx.enabled=true -Dspring.liveBeansView.mbeanDomain -Dspring.application.admin.enabled=true -javaagent:D:\小学期实践\idea\idea\ideaIU-2019.3.5.win\lib\idea_rt.jar=49281:D:\小学期实践\idea\idea\ideaIU-2019.3.5.win\bin -Dfile.encoding=UTF-8 stu.software.chatroom.ChatroomServerApplication

Host: Intel(R) Core(TM) i5-10200H CPU @ 2.40GHz, 8 cores, 15G,  Windows 10 , 64 bit Build 19041 (10.0.19041.1706)
Time: Mon Jun 13 12:29:02 2022 中国标准时间 elapsed time: 0 seconds (0d 0h 0m 0s)

---------------  T H R E A D  ---------------

Current thread (0x000002916e7b9800):  JavaThread "Unknown thread" [_thread_in_vm, id=34136, stack(0x000000b8e6c00000,0x000000b8e6d00000)]

Stack: [0x000000b8e6c00000,0x000000b8e6d00000]
Native frames: (J=compiled Java code, j=interpreted, Vv=VM code, C=native code)
V  [jvm.dll+0x5ddf9a]
V  [jvm.dll+0x710ae5]
V  [jvm.dll+0x712005]
V  [jvm.dll+0x7126b3]
V  [jvm.dll+0x23e718]
V  [jvm.dll+0x5db444]
V  [jvm.dll+0x5d0675]
V  [jvm.dll+0x2faf1b]
V  [jvm.dll+0x2fae8a]
V  [jvm.dll+0x2fad62]
V  [jvm.dll+0x2ffc36]
V  [jvm.dll+0x3484e3]
V  [jvm.dll+0x348be6]
V  [jvm.dll+0x3485e3]
V  [jvm.dll+0x2d5938]
V  [jvm.dll+0x2d6ad7]
V  [jvm.dll+0x6ef8a7]
V  [jvm.dll+0x6f109c]
V  [jvm.dll+0x355b29]
V  [jvm.dll+0x6d4a7e]
V  [jvm.dll+0x3bf053]
V  [jvm.dll+0x3c15d1]
C  [jli.dll+0x5363]
C  [ucrtbase.dll+0x21bb2]
C  [KERNEL32.DLL+0x17034]
C  [ntdll.dll+0x52651]


---------------  P R O C E S S  ---------------

Threads class SMR info:
_java_thread_list=0x000002916c71bd70, length=0, elements={
}

Java Threads: ( => current thread )

Other Threads:
  0x000002916e7d1800 GCTaskThread "GC Thread#0" [stack: 0x000000b8e6d00000,0x000000b8e6e00000] [id=16852]
  0x000002916e82e800 ConcurrentGCThread "G1 Main Marker" [stack: 0x000000b8e6e00000,0x000000b8e6f00000] [id=34652]
  0x000002916e830000 ConcurrentGCThread "G1 Conc#0" [stack: 0x000000b8e6f00000,0x000000b8e7000000] [id=30320]

[error occurred during error reporting (printing all threads), id 0xc0000005, EXCEPTION_ACCESS_VIOLATION (0xc0000005) at pc=0x00007ffdc82e6047]

VM state:not at safepoint (not fully initialized)

VM Mutex/Monitor currently owned by a thread:  ([mutex/lock_event])
[0x000002916e7b6f20] Heap_lock - owner thread: 0x000002916e7b9800

Heap address: 0x0000000701600000, size: 4074 MB, Compressed Oops mode: Non-zero based: 0x0000000701600000
Narrow klass base: 0x0000000000000000, Narrow klass shift: 0

GC Heap History (0 events):
No events

Deoptimization events (0 events):
No events

Classes redefined (0 events):
No events

Internal exceptions (0 events):
No events

Events (2 events):
Event: 0.007 Loaded shared library D:\小学期实践\idea\idea\ideaIU-2019.3.5.win\jbr\bin\zip.dll
Event: 0.007 Loaded shared library D:\小学期实践\idea\idea\ideaIU-2019.3.5.win\jbr\bin\jimage.dll


Dynamic libraries:
0x00007ff62cbb0000 - 0x00007ff62cbba000 	D:\小学期实践\idea\idea\ideaIU-2019.3.5.win\jbr\bin\java.exe
0x00007ffe098b0000 - 0x00007ffe09aa5000 	C:\WINDOWS\SYSTEM32\ntdll.dll
0x00007ffe07a50000 - 0x00007ffe07b0d000 	C:\WINDOWS\System32\KERNEL32.DLL
0x00007ffe07210000 - 0x00007ffe074dd000 	C:\WINDOWS\System32\KERNELBASE.dll
0x00007ffe070e0000 - 0x00007ffe071e0000 	C:\WINDOWS\System32\ucrtbase.dll
0x00007ffe01060000 - 0x00007ffe01079000 	D:\小学期实践\idea\idea\ideaIU-2019.3.5.win\jbr\bin\jli.dll
0x00007ffdd7350000 - 0x00007ffdd7367000 	D:\小学期实践\idea\idea\ideaIU-2019.3.5.win\jbr\bin\VCRUNTIME140.dll
0x00007ffe08380000 - 0x00007ffe08520000 	C:\WINDOWS\System32\USER32.dll
0x00007ffe071e0000 - 0x00007ffe07202000 	C:\WINDOWS\System32\win32u.dll
0x00007ffe09590000 - 0x00007ffe095ba000 	C:\WINDOWS\System32\GDI32.dll
0x00007ffe07620000 - 0x00007ffe0772b000 	C:\WINDOWS\System32\gdi32full.dll
0x00007ffe06ff0000 - 0x00007ffe0708d000 	C:\WINDOWS\System32\msvcp_win.dll
0x00007ffdf84c0000 - 0x00007ffdf875a000 	C:\WINDOWS\WinSxS\amd64_microsoft.windows.common-controls_6595b64144ccf1df_6.0.19041.1110_none_60b5254171f9507e\COMCTL32.dll
0x00007ffe08850000 - 0x00007ffe088ee000 	C:\WINDOWS\System32\msvcrt.dll
0x00007ffe08820000 - 0x00007ffe08850000 	C:\WINDOWS\System32\IMM32.DLL
0x00007ffdcbcb0000 - 0x00007ffdcbd4d000 	D:\小学期实践\idea\idea\ideaIU-2019.3.5.win\jbr\bin\msvcp140.dll
0x00007ffdc8000000 - 0x00007ffdc8abd000 	D:\小学期实践\idea\idea\ideaIU-2019.3.5.win\jbr\bin\server\jvm.dll
0x00007ffe082d0000 - 0x00007ffe0837e000 	C:\WINDOWS\System32\ADVAPI32.dll
0x00007ffe08210000 - 0x00007ffe082ac000 	C:\WINDOWS\System32\sechost.dll
0x00007ffe096e0000 - 0x00007ffe09805000 	C:\WINDOWS\System32\RPCRT4.dll
0x00007ffe07a40000 - 0x00007ffe07a48000 	C:\WINDOWS\System32\PSAPI.DLL
0x00007ffdfd130000 - 0x00007ffdfd157000 	C:\WINDOWS\SYSTEM32\WINMM.dll
0x00007ffdfedf0000 - 0x00007ffdfedfa000 	C:\WINDOWS\SYSTEM32\VERSION.dll
0x00007ffe04450000 - 0x00007ffe04459000 	C:\WINDOWS\SYSTEM32\WSOCK32.dll
0x00007ffe08740000 - 0x00007ffe087ab000 	C:\WINDOWS\System32\WS2_32.dll
0x00007ffe05850000 - 0x00007ffe05862000 	C:\WINDOWS\SYSTEM32\kernel.appcore.dll
0x00007ffe01110000 - 0x00007ffe01121000 	D:\小学期实践\idea\idea\ideaIU-2019.3.5.win\jbr\bin\verify.dll
0x00007ffe04dc0000 - 0x00007ffe04fa4000 	C:\WINDOWS\SYSTEM32\DBGHELP.DLL
0x00007ffde8940000 - 0x00007ffde896c000 	C:\WINDOWS\SYSTEM32\dbgcore.DLL
0x00007ffe07590000 - 0x00007ffe07612000 	C:\WINDOWS\System32\bcryptPrimitives.dll
0x00007ffe01080000 - 0x00007ffe010a9000 	D:\小学期实践\idea\idea\ideaIU-2019.3.5.win\jbr\bin\java.dll
0x00007ffe018e0000 - 0x00007ffe018ef000 	D:\小学期实践\idea\idea\ideaIU-2019.3.5.win\jbr\bin\instrument.dll
0x00007ffe01040000 - 0x00007ffe01058000 	D:\小学期实践\idea\idea\ideaIU-2019.3.5.win\jbr\bin\zip.dll
0x00007ffe01810000 - 0x00007ffe0181b000 	D:\小学期实践\idea\idea\ideaIU-2019.3.5.win\jbr\bin\jimage.dll

dbghelp: loaded successfully - version: 4.0.5 - missing functions: none
symbol engine: initialized successfully - sym options: 0x614 - pdb path: .;D:\小学期实践\idea\idea\ideaIU-2019.3.5.win\jbr\bin;C:\WINDOWS\SYSTEM32;C:\WINDOWS\WinSxS\amd64_microsoft.windows.common-controls_6595b64144ccf1df_6.0.19041.1110_none_60b5254171f9507e;D:\小学期实践\idea\idea\ideaIU-2019.3.5.win\jbr\;D:\小学期实践\idea\idea\ideaIU-2019.3.5.win;D:\小学期实践\idea\idea\ideaIU-2019.3.;D:\小学期实践\idea\idea\ideaIU-20;D:\小学期实践\idea\idea\idea

VM Arguments:
jvm_args: -XX:TieredStopAtLevel=1 -Xverify:none -Dspring.output.ansi.enabled=always -Dcom.sun.management.jmxremote -Dspring.jmx.enabled=true -Dspring.liveBeansView.mbeanDomain -Dspring.application.admin.enabled=true -javaagent:D:\小学期实践\idea\idea\ideaIU-2019.3.5.win\lib\idea_rt.jar=49281:D:\小学期实践\idea\idea\ideaIU-2019.3.5.win\bin -Dfile.encoding=UTF-8 
java_command: stu.software.chatroom.ChatroomServerApplication
java_class_path (initial): D:\mygit\大三下笔记\网安课设\safechat-server\target\classes;D:\mymaven\repository\org\bouncycastle\bcprov-ext-jdk16\1.46\bcprov-ext-jdk16-1.46.jar;D:\mymaven\repository\org\springframework\boot\spring-boot-starter\2.6.7\spring-boot-starter-2.6.7.jar;D:\mymaven\repository\org\springframework\boot\spring-boot\2.6.7\spring-boot-2.6.7.jar;D:\mymaven\repository\org\springframework\spring-context\5.3.19\spring-context-5.3.19.jar;D:\mymaven\repository\org\springframework\boot\spring-boot-autoconfigure\2.6.7\spring-boot-autoconfigure-2.6.7.jar;D:\mymaven\repository\org\springframework\boot\spring-boot-starter-logging\2.6.7\spring-boot-starter-logging-2.6.7.jar;D:\mymaven\repository\ch\qos\logback\logback-classic\1.2.11\logback-classic-1.2.11.jar;D:\mymaven\repository\ch\qos\logback\logback-core\1.2.11\logback-core-1.2.11.jar;D:\mymaven\repository\org\apache\logging\log4j\log4j-to-slf4j\2.17.2\log4j-to-slf4j-2.17.2.jar;D:\mymaven\repository\org\apache\logging\log4j\log4j-api\2.17.2\log4j-api-2.17.2.jar;D:\mymaven\repository\org\slf4j\jul-to-slf4j\1.7.36\jul-to-slf4j-1.7.36.jar;D:\mymaven\repository\jakarta\annotation\jakarta.annotation-api\1.3.5\jakarta.annotation-api-1.3.5.jar;D:\mymaven\repository\org\springframework\spring-core\5.3.19\spring-core-5.3.19.jar;D:\mymaven\repository\org\springframework\spring-jcl\5.3.19\spring-jcl-5.3.19.jar;D:\mymaven\repository\org\yaml\snakeyaml\1.29\snakeyaml-1.29.jar;D:\mymaven\repository\org\springframework\boot\spring-boot-devtools\2.6.7\spring-boot-devtools-2.6.7.jar;D:\mymaven\repository\mysql\mysql-connector-java\8.0.28\mysql-connector-java-8.0.28.jar;D:\mymaven\repository\org\projectlombok\lombok\1.18.24\lombok-1.18.24.jar;D:\mymaven\repository\org\springframework\boot\spring-boot-starter-web\2.6.7\spring-boot-starter-web-2.6.7.jar;D:\mymaven\repository\org\springframework\boot\spring-boot-starter-json\2.6.7\spring-boot-starter-json-2.6.7.jar;D:\mymaven\repository\com\fasterxml\jackson\datatype\jackson-
Launcher Type: SUN_STANDARD

[Global flags]
     bool BytecodeVerificationLocal                = false                                     {product} {command line}
     bool BytecodeVerificationRemote               = false                                     {product} {command line}
     intx CICompilerCount                          = 4                                         {product} {ergonomic}
     uint ConcGCThreads                            = 2                                         {product} {ergonomic}
     uint G1ConcRefinementThreads                  = 8                                         {product} {ergonomic}
   size_t G1HeapRegionSize                         = 1048576                                   {product} {ergonomic}
    uintx GCDrainStackTargetSize                   = 64                                        {product} {ergonomic}
   size_t InitialHeapSize                          = 268435456                                 {product} {ergonomic}
     bool ManagementServer                         = true                                      {product} {command line}
   size_t MarkStackSize                            = 4194304                                   {product} {ergonomic}
   size_t MaxHeapSize                              = 4271898624                                {product} {ergonomic}
   size_t MinHeapDeltaBytes                        = 1048576                                   {product} {ergonomic}
    uintx NonNMethodCodeHeapSize                   = 7549744                                {pd product} {ergonomic}
    uintx NonProfiledCodeHeapSize                  = 244108496                              {pd product} {ergonomic}
    uintx ProfiledCodeHeapSize                     = 0                                      {pd product} {ergonomic}
    uintx ReservedCodeCacheSize                    = 251658240                              {pd product} {ergonomic}
     bool SegmentedCodeCache                       = true                                      {product} {ergonomic}
     intx TieredStopAtLevel                        = 1                                         {product} {command line}
     bool UseCompressedClassPointers               = true                                 {lp64_product} {ergonomic}
     bool UseCompressedOops                        = true                                 {lp64_product} {ergonomic}
     bool UseG1GC                                  = true                                      {product} {ergonomic}
     bool UseLargePagesIndividualAllocation        = false                                  {pd product} {ergonomic}

Logging:
Log output configuration:
 #0: stdout all=warning uptime,level,tags
 #1: stderr all=off uptime,level,tags

Environment Variables:
JAVA_HOME=D:\jdk
CLASSPATH=.;D:\jdk\lib
PATH=C:\Program Files (x86)\Common Files\Oracle\Java\javapath;C:\ProgramData\Oracle\Java\javapath;C:\Windows\system32;C:\Windows;C:\Windows\System32\Wbem;C:\Windows\System32\WindowsPowerShell\v1.0\;C:\Windows\System32\OpenSSH\;C:\Program Files\NVIDIA Corporation\NVIDIA NvDLISR;C:\Program Files\Microsoft SQL Server\Client SDK\ODBC\110\Tools\Binn\;C:\Program Files (x86)\Microsoft SQL Server\120\Tools\Binn\;C:\Program Files\Microsoft SQL Server\120\Tools\Binn\;C:\Program Files\Microsoft SQL Server\120\DTS\Binn\;C:\Program Files (x86)\Windows Kits\8.1\Windows Performance Toolkit\;D:\jdk\bin;D:\jdk\jre\bin;D:\MATLAB2017b_39857\runtime\win64;D:\MATLAB2017b_39857\bin;C:\WINDOWS\system32;C:\WINDOWS;C:\WINDOWS\System32\Wbem;C:\WINDOWS\System32\WindowsPowerShell\v1.0\;C:\WINDOWS\System32\OpenSSH\;C:\Users\26969\AppData\Roaming\Microsoft\Windows\Start Menu\Programs\Python 3.9;C:\Program Files\MySQL\MySQL Server 5.5\bin;D:\Git\cmd;%QUARTUS_ROOTDIR%\bin;C:\Program Files\nodejs\;D:\Download\;C:\Program Files\k6\;D:\texlive\2022\bin\win32;C:\Users\26969\AppData\Local\Programs\Python\Python39\Scripts\;C:\Users\26969\AppData\Local\Programs\Python\Python39\;C:\Users\26969\AppData\Local\Microsoft\WindowsApps;C:\Program Files\Bandizip\;D:\PyCharm 2019.3.3\bin;;D:\PyCharm Community Edition 2020.3.5\bin;;D:\Microsoft VS Code\bin;C:\Modeltech_6.0\win32;C:\modeltech64_10.5\win64;C:\Users\26969\AppData\Roaming\npm;C:\Users\26969\AppData\Local\Pandoc\;D:\workplace\chromedriver.exe;D:\OpenSSL-Win64\bin;
USERNAME=26969
OS=Windows_NT
PROCESSOR_IDENTIFIER=Intel64 Family 6 Model 165 Stepping 2, GenuineIntel



---------------  S Y S T E M  ---------------

OS: Windows 10 , 64 bit Build 19041 (10.0.19041.1706)

CPU:total 8 (initial active 8) (4 cores per cpu, 2 threads per core) family 6 model 165 stepping 2, cmov, cx8, fxsr, mmx, sse, sse2, sse3, ssse3, sse4.1, sse4.2, popcnt, avx, avx2, aes, clmul, erms, 3dnowpref, lzcnt, ht, tsc, tscinvbit, bmi1, bmi2, adx, fma

Memory: 4k page, system-wide physical 16291M (3380M free)
TotalPageFile size 29091M (AvailPageFile size 188M)
current process WorkingSet (physical memory assigned to process): 10M, peak: 10M
current process commit charge ("private bytes"): 58M, peak: 314M

vm_info: OpenJDK 64-Bit Server VM (11.0.6+8-b520.66) for windows-amd64 JRE (11.0.6+8-b520.66), built on Apr 20 2020 16:47:00 by "" with MS VC++ 14.0 (VS2015)

END.
